My project/Library/Bee/Android/Prj/IL2CPP/Gradle/launcher/build/intermediates/manifest_merge_blame_file/release/manifest-merger-blame-release-report.txt
1<?xml version="1.0" encoding="utf-8"?>
2<manifest xmlns:android="http://schemas.android.com/apk/res/android"
3    package="com.SWCapstone.WordEduGame"
4    android:installLocation="preferExternal"
5    android:versionCode="1"
6    android:versionName="1.0.2" >
7
8    <uses-sdk
9        android:minSdkVersion="22"
9-->src/main/AndroidManifest.xml
10        android:targetSdkVersion="30" />
10-->src/main/AndroidManifest.xml
11
12    <supports-screens
12-->src/main/AndroidManifest.xml:3:3-163
13        android:anyDensity="true"
13-->src/main/AndroidManifest.xml:3:135-160
14        android:largeScreens="true"
14-->src/main/AndroidManifest.xml:3:78-105
15        android:normalScreens="true"
15-->src/main/AndroidManifest.xml:3:49-77
16        android:smallScreens="true"
16-->src/main/AndroidManifest.xml:3:21-48
17        android:xlargeScreens="true" />
17-->src/main/AndroidManifest.xml:3:106-134
18
19    <uses-feature android:glEsVersion="0x00030000" />
19-->[:unityLibrary] AndroidManifest.xml:12:5-54
19-->[:unityLibrary] AndroidManifest.xml:12:19-51
20    <uses-feature
20-->[:unityLibrary] AndroidManifest.xml:13:5-15:36
21        android:name="android.hardware.vulkan.version"
21-->[:unityLibrary] AndroidManifest.xml:14:9-55
22        android:required="false" />
22-->[:unityLibrary] AndroidManifest.xml:15:9-33
23    <uses-feature
23-->[:unityLibrary] AndroidManifest.xml:16:5-18:36
24        android:name="android.hardware.touchscreen"
24-->[:unityLibrary] AndroidManifest.xml:17:9-52
25        android:required="false" />
25-->[:unityLibrary] AndroidManifest.xml:18:9-33
26    <uses-feature
26-->[:unityLibrary] AndroidManifest.xml:19:5-21:36
27        android:name="android.hardware.touchscreen.multitouch"
27-->[:unityLibrary] AndroidManifest.xml:20:9-63
28        android:required="false" />
28-->[:unityLibrary] AndroidManifest.xml:21:9-33
29    <uses-feature
29-->[:unityLibrary] AndroidManifest.xml:22:5-24:36
30        android:name="android.hardware.touchscreen.multitouch.distinct"
30-->[:unityLibrary] AndroidManifest.xml:23:9-72
31        android:required="false" />
31-->[:unityLibrary] AndroidManifest.xml:24:9-33
32
33    <application
33-->src/main/AndroidManifest.xml:4:3-121
34        android:banner="@drawable/app_banner"
34-->src/main/AndroidManifest.xml:4:81-118
35        android:extractNativeLibs="true"
35-->[:unityLibrary] AndroidManifest.xml:27:9-41
36        android:icon="@mipmap/app_icon"
36-->src/main/AndroidManifest.xml:4:49-80
37        android:isGame="true"
37-->[:unityLibrary] AndroidManifest.xml:28:9-30
38        android:label="@string/app_name" >
38-->src/main/AndroidManifest.xml:4:16-48
39        <activity
39-->[:unityLibrary] AndroidManifest.xml:29:9-50:20
40            android:name="com.unity3d.player.UnityPlayerActivity"
40-->[:unityLibrary] AndroidManifest.xml:30:13-66
41            android:configChanges="mcc|mnc|locale|touchscreen|keyboard|keyboardHidden|navigation|orientation|screenLayout|uiMode|screenSize|smallestScreenSize|fontScale|layoutDirection|density"
41-->[:unityLibrary] AndroidManifest.xml:31:13-194
42            android:hardwareAccelerated="false"
42-->[:unityLibrary] AndroidManifest.xml:32:13-48
43            android:launchMode="singleTask"
43-->[:unityLibrary] AndroidManifest.xml:33:13-44
44            android:resizeableActivity="false"
44-->[:unityLibrary] AndroidManifest.xml:34:13-47
45            android:screenOrientation="reverseLandscape"
45-->[:unityLibrary] AndroidManifest.xml:35:13-57
46            android:theme="@style/UnityThemeSelector" >
46-->[:unityLibrary] AndroidManifest.xml:36:13-54
47            <intent-filter>
47-->[:unityLibrary] AndroidManifest.xml:37:13-42:29
48                <action android:name="android.intent.action.MAIN" />
48-->[:unityLibrary] AndroidManifest.xml:38:17-69
48-->[:unityLibrary] AndroidManifest.xml:38:25-66
49
50                <category android:name="android.intent.category.LAUNCHER" />
50-->[:unityLibrary] AndroidManifest.xml:40:17-77
50-->[:unityLibrary] AndroidManifest.xml:40:27-74
51                <category android:name="android.intent.category.LEANBACK_LAUNCHER" />
51-->[:unityLibrary] AndroidManifest.xml:41:17-86
51-->[:unityLibrary] AndroidManifest.xml:41:27-83
52            </intent-filter>
53
54            <meta-data
54-->[:unityLibrary] AndroidManifest.xml:44:13-46:40
55                android:name="unityplayer.UnityActivity"
55-->[:unityLibrary] AndroidManifest.xml:45:17-57
56                android:value="true" />
56-->[:unityLibrary] AndroidManifest.xml:46:17-37
57            <meta-data
57-->[:unityLibrary] AndroidManifest.xml:47:13-49:40
58                android:name="android.notch_support"
58-->[:unityLibrary] AndroidManifest.xml:48:17-53
59                android:value="true" />
59-->[:unityLibrary] AndroidManifest.xml:49:17-37
60        </activity>
61
62        <meta-data
62-->[:unityLibrary] AndroidManifest.xml:52:9-54:33
63            android:name="unity.splash-mode"
63-->[:unityLibrary] AndroidManifest.xml:53:13-45
64            android:value="0" />
64-->[:unityLibrary] AndroidManifest.xml:54:13-30
65        <meta-data
65-->[:unityLibrary] AndroidManifest.xml:55:9-57:36
66            android:name="unity.splash-enable"
66-->[:unityLibrary] AndroidManifest.xml:56:13-47
67            android:value="True" />
67-->[:unityLibrary] AndroidManifest.xml:57:13-33
68        <meta-data
68-->[:unityLibrary] AndroidManifest.xml:58:9-60:36
69            android:name="unity.launch-fullscreen"
69-->[:unityLibrary] AndroidManifest.xml:59:13-51
70            android:value="True" />
70-->[:unityLibrary] AndroidManifest.xml:60:13-33
71        <meta-data
71-->[:unityLibrary] AndroidManifest.xml:61:9-63:37
72            android:name="unity.allow-resizable-window"
72-->[:unityLibrary] AndroidManifest.xml:62:13-56
73            android:value="False" />
73-->[:unityLibrary] AndroidManifest.xml:63:13-34
74        <meta-data
74-->[:unityLibrary] AndroidManifest.xml:64:9-66:50
75            android:name="notch.config"
75-->[:unityLibrary] AndroidManifest.xml:65:13-40
76            android:value="portrait|landscape" />
76-->[:unityLibrary] AndroidManifest.xml:66:13-47
77
78        <receiver
78-->[:unityLibrary] AndroidManifest.xml:68:9-70:39
79            android:name="com.unity.androidnotifications.UnityNotificationManager"
79-->[:unityLibrary] AndroidManifest.xml:69:13-83
80            android:exported="true" />
80-->[:unityLibrary] AndroidManifest.xml:70:13-36
81        <receiver
81-->[:unityLibrary] AndroidManifest.xml:71:9-78:20
82            android:name="com.unity.androidnotifications.UnityNotificationRestartOnBootReceiver"
82-->[:unityLibrary] AndroidManifest.xml:72:13-97
83            android:enabled="false"
83-->[:unityLibrary] AndroidManifest.xml:73:13-36
84            android:exported="true" >
84-->[:unityLibrary] AndroidManifest.xml:74:13-36
85            <intent-filter>
85-->[:unityLibrary] AndroidManifest.xml:75:13-77:29
86                <action android:name="android.intent.action.BOOT_COMPLETED" />
86-->[:unityLibrary] AndroidManifest.xml:76:17-79
86-->[:unityLibrary] AndroidManifest.xml:76:25-76
87            </intent-filter>
88        </receiver>
89    </application>
90
91</manifest>